<?xml version="1.0" encoding="UTF-8"?>
<testng-results skipped="0" failed="0" total="1" passed="1">
  <reporter-output>
  </reporter-output>
  <suite name="Default suite" duration-ms="40472" started-at="2019-10-14T16:03:37Z" finished-at="2019-10-14T16:04:17Z">
    <groups>
    </groups>
    <test name="Default test" duration-ms="40472" started-at="2019-10-14T16:03:37Z" finished-at="2019-10-14T16:04:17Z">
      <class name="com.loginpages.logintest">
        <test-method status="PASS" signature="login()[pri:0, instance:com.loginpages.logintest@531be3c5]" name="login" duration-ms="40452" started-at="2019-10-14T21:33:37Z" finished-at="2019-10-14T21:34:17Z">
          <reporter-output>
          </reporter-output>
        </test-method> <!-- login -->
      </class> <!-- com.loginpages.logintest -->
    </test> <!-- Default test -->
  </suite> <!-- Default suite -->
</testng-results>
